
ROM used:   5414 (66%)
            5419 (66%) including unused fragments

            2 Average locations per line
            11 Average locations per statement

RAM used:   32 (9%) at main() level
            146 (40%) worst case

Stack used: 6/8 worst case (5 in main + 1 for interrupts)

Lines Stmts  %   Files
----- ----- ---  -----
  511   234  48  project1.c
  418     0   0  ..\..\..\..\..\..\Program Files (x86)\PICC\devices\16F886.h
 2229   257  52  ..\..\..\..\..\..\Program Files (x86)\PICC\drivers\math.h
----- -----
 3158   491 Total

Page ROM  %  RAM   Vol Diff  Functions:
---- --- --- ---   --- ----  ----------
0    459   8  20  1121 10.1  CEIL_FLOOR
0     65   1  10             @FLT
0     33   1   4   132  3.0  @SFTOI
0     31   1   2    98  2.1  @ITOF
0    119   2  13             @MULFF
0    326   6  16             @ADDFF
 Inline        4    43  2.1  floor
 Inline        4    44  1.9  ceil
0    230   4  16   259  6.9  fmod
0    204   4  14             @DIVFF
1    557  10  22  1071  8.0  exp
0     39   1   2             @SITOF
1    492   9  25   979 10.0  log
1    485   9  12   556  7.5  pow
0     20   0   1             @delay_ms1
0     16   0   1             @I2C_WRITEU_1
0     79   1   2   959  3.9  rb_isr
2    911  17  12  3689  8.4  MAIN
0      6   0   0             @const259
0     79   1   4             @PSTRINGC7_9600_62_63
0     11   0   0             @const261
0     86   2   5             @PSTRINGCN7_9600_62_63
1     89   2   9             @PRINTF_LU_9600_62_63
0      8   0   0             @const266
0      7   0   0             @const267
0     23   0   3             @DIV88
0     11   0   0             @const271
0     11   0   0             @const273
0     11   0   0             @const279
1    356   7  38   407  5.0  amperecal
2    163   3   4   404  3.2  menu4
0     21   0   0             @const294
0     14   0   0             @const296
0     21   0   0             @const299
2    159   3   4   396  3.2  menu5
0     20   0   0             @const300
0     11   0   0             @const302
0     18   0   0             @const305
 Inline        2    21  1.5  calibrate
 Inline        0    13  1.0  resetcalibrate
1     13   0   3   127  3.9  checkselect
1     13   0   3   127  3.9  checkleft
1     13   0   3   127  3.9  checkright
2     49   1   4   235  4.1  displayLongText
2     41   1   3   190  2.8  displayValue
0     17   0   0    55  1.1  clearDisplay
1     30   1   1   106  1.3  setDisplayPos
 Inline        0             @cinit1

Program metrics:
    Functions               23
    Statements              491
    Comments                413
    Volume (V)              17940
    Difficulty (D)          99.3
    Effort to implement (E) 1781355
    Time to implement (T)   27 hours, 29 minutes
    Est Delivered Bugs (B)  5
    Cyclomatic Complexity   46
    Maintainability (MI)    100

 Segment     Used  Free
-----------  ----  ----
00000-00003     4  0  
00004-0002E    43  0  
0002F-007FF  1996  5  
00800-00FFF  2048  0  
01000-017FF  1323  725  
01800-01FFF     0  2048  



